Virtual User Script started at: 17.03.2021 23:52:40
Starting action vuser_init.
Web Turbo Replay of LoadRunner 12.55.0 for Windows 10; build 911 (июл 24 2017 19:46:00)  	[MsgId: MMSG-26983]
Run mode: HTML  	[MsgId: MMSG-26993]
Replay user agent: Mozilla/5.0 (Windows NT 10.0; WOW64; Trident/7.0; rv:11.0) like Gecko  	[MsgId: MMSG-26988]
Run-Time Settings file: "C:\Users\user\Documents\GitHub\KursLoadRunner\Скрипты\05_ViewItinerary\\default.cfg"  	[MsgId: MMSG-27141]
Ending action vuser_init.
Running Vuser...
Starting iteration 1.
Maximum number of concurrent connections per server: 6  	[MsgId: MMSG-26989]
Starting action Action.
Action.c(3): Notify: Transaction "05_ViewItinerary" started.
Action.c(5): Notify: Transaction "WebTours" started.
Action.c(7): web_reg_find started  	[MsgId: MMSG-26355]
Action.c(7): Registering web_reg_find was successful  	[MsgId: MMSG-26390]
Action.c(9): web_url("WebTours") started  	[MsgId: MMSG-26355]
Action.c(9): Detected non-resource "http://localhost/WebTours/header.html" in "http://localhost/WebTours/"  	[MsgId: MMSG-26574]
Action.c(9): Detected non-resource "http://localhost/cgi-bin/welcome.pl?signOff=true" in "http://localhost/WebTours/"  	[MsgId: MMSG-26574]
Action.c(9): Found resource "http://localhost/WebTours/images/hp_logo.png" in HTML "http://localhost/WebTours/header.html"  	[MsgId: MMSG-26659]
Action.c(9): Found resource "http://localhost/WebTours/images/webtours.png" in HTML "http://localhost/WebTours/header.html"  	[MsgId: MMSG-26659]
Action.c(9): Detected non-resource "http://localhost/cgi-bin/nav.pl?in=home" in "http://localhost/cgi-bin/welcome.pl?signOff=true"  	[MsgId: MMSG-26574]
Action.c(9): Detected non-resource "http://localhost/WebTours/home.html" in "http://localhost/cgi-bin/welcome.pl?signOff=true"  	[MsgId: MMSG-26574]
Action.c(9): Found resource "http://localhost/WebTours/images/mer_login.gif" in HTML "http://localhost/cgi-bin/nav.pl?in=home"  	[MsgId: MMSG-26659]
Action.c(9): Registered web_reg_find successful for "Text=Welcome to the Web Tours site" (count=1)  	[MsgId: MMSG-26364]
Action.c(9): web_url("WebTours") was successful, 10077 body bytes, 2371 header bytes, 24 chunking overhead bytes  	[MsgId: MMSG-26385]
Action.c(17): Notify: Transaction "WebTours" ended with a "Pass" status (Duration: 0,2509 Wasted Time: 0,1017).
Action.c(21): Notify: Transaction "Login" started.
Action.c(23): web_reg_find started  	[MsgId: MMSG-26355]
Action.c(23): Registering web_reg_find was successful  	[MsgId: MMSG-26390]
Action.c(25): web_submit_form("login.pl") started  	[MsgId: MMSG-26355]
Action.c(25): Submitting form to "http://localhost/cgi-bin/login.pl", Target Frame="body"  	[MsgId: MMSG-27978]
Action.c(25): Detected non-resource "http://localhost/cgi-bin/nav.pl?page=menu&in=home" in "http://localhost/cgi-bin/login.pl"  	[MsgId: MMSG-26574]
Action.c(25): Detected non-resource "http://localhost/cgi-bin/login.pl?intro=true" in "http://localhost/cgi-bin/login.pl"  	[MsgId: MMSG-26574]
Action.c(25): Found resource "http://localhost/WebTours/images/flights.gif" in HTML "http://localhost/cgi-bin/nav.pl?page=menu&in=home"  	[MsgId: MMSG-26659]
Action.c(25): Found resource "http://localhost/WebTours/images/itinerary.gif" in HTML "http://localhost/cgi-bin/nav.pl?page=menu&in=home"  	[MsgId: MMSG-26659]
Action.c(25): Found resource "http://localhost/WebTours/images/in_home.gif" in HTML "http://localhost/cgi-bin/nav.pl?page=menu&in=home"  	[MsgId: MMSG-26659]
Action.c(25): Found resource "http://localhost/WebTours/images/signoff.gif" in HTML "http://localhost/cgi-bin/nav.pl?page=menu&in=home"  	[MsgId: MMSG-26659]
Action.c(25): Registered web_reg_find successful for "Text=Welcome, <b>major</b>, to the Web Tours reservation pages" (count=1)  	[MsgId: MMSG-26364]
Action.c(25): web_submit_form("login.pl") was successful, 5780 body bytes, 2033 header bytes, 36 chunking overhead bytes  	[MsgId: MMSG-26385]
Action.c(33): Notify: Transaction "Login" ended with a "Pass" status (Duration: 0,1875 Wasted Time: 0,0074).
Action.c(35): Notify: Transaction "ViewTicket" started.
Action.c(36): web_reg_find started  	[MsgId: MMSG-26355]
Action.c(36): Registering web_reg_find was successful  	[MsgId: MMSG-26390]
Action.c(38): web_image("Itinerary Button") started  	[MsgId: MMSG-26355]
Action.c(38): Image-linking to "http://localhost/cgi-bin/welcome.pl?page=itinerary", Target Frame="body"  	[MsgId: MMSG-27993]
Action.c(38): Detected non-resource "http://localhost/cgi-bin/nav.pl?page=menu&in=itinerary" in "http://localhost/cgi-bin/welcome.pl?page=itinerary"  	[MsgId: MMSG-26574]
Action.c(38): Detected non-resource "http://localhost/cgi-bin/itinerary.pl" in "http://localhost/cgi-bin/welcome.pl?page=itinerary"  	[MsgId: MMSG-26574]
Action.c(38): Resource "http://localhost/WebTours/images/flights.gif" is in the cache already and will not be downloaded again  	[MsgId: MMSG-26655]
Action.c(38): Found resource "http://localhost/WebTours/images/in_itinerary.gif" in HTML "http://localhost/cgi-bin/nav.pl?page=menu&in=itinerary"  	[MsgId: MMSG-26659]
Action.c(38): Found resource "http://localhost/WebTours/images/home.gif" in HTML "http://localhost/cgi-bin/nav.pl?page=menu&in=itinerary"  	[MsgId: MMSG-26659]
Action.c(38): Resource "http://localhost/WebTours/images/signoff.gif" is in the cache already and will not be downloaded again  	[MsgId: MMSG-26655]
Action.c(38): Found resource "http://localhost/WebTours/images/cancelreservation.gif" in HTML "http://localhost/cgi-bin/itinerary.pl"  	[MsgId: MMSG-26659]
Action.c(38): Found resource "http://localhost/WebTours/images/cancelallreservations.gif" in HTML "http://localhost/cgi-bin/itinerary.pl"  	[MsgId: MMSG-26659]
Action.c(38): Registered web_reg_find successful for "Text=Itinerary" (count=3)  	[MsgId: MMSG-26364]
Action.c(38): web_image("Itinerary Button") was successful, 7647 body bytes, 1913 header bytes, 36 chunking overhead bytes  	[MsgId: MMSG-26385]
Action.c(42): Notify: Transaction "ViewTicket" ended with a "Pass" status (Duration: 0,2038 Wasted Time: 0,0056).
Action.c(46): Notify: Transaction "Logout" started.
Action.c(48): web_reg_find started  	[MsgId: MMSG-26355]
Action.c(48): Registering web_reg_find was successful  	[MsgId: MMSG-26390]
Action.c(51): web_image("SignOff Button") started  	[MsgId: MMSG-26355]
Action.c(51): Image-linking to "http://localhost/cgi-bin/welcome.pl?signOff=1", Target Frame="body"  	[MsgId: MMSG-27993]
Action.c(51): Detected non-resource "http://localhost/cgi-bin/nav.pl?in=home" in "http://localhost/cgi-bin/welcome.pl?signOff=1"  	[MsgId: MMSG-26574]
Action.c(51): Detected non-resource "http://localhost/WebTours/home.html" in "http://localhost/cgi-bin/welcome.pl?signOff=1"  	[MsgId: MMSG-26574]
Action.c(51): Retrieving data from cache for "http://localhost/WebTours/home.html"  	[MsgId: MMSG-26558]
Action.c(51): Resource "http://localhost/WebTours/images/mer_login.gif" is in the cache already and will not be downloaded again  	[MsgId: MMSG-26655]
Action.c(51): Registered web_reg_find successful for "Text=Welcome to the Web Tours site." (count=1)  	[MsgId: MMSG-26364]
Action.c(51): web_image("SignOff Button") was successful, 2176 body bytes, 582 header bytes, 24 chunking overhead bytes  	[MsgId: MMSG-26385]
Action.c(56): Notify: Transaction "Logout" ended with a "Pass" status (Duration: 0,1566 Wasted Time: 0,0044).
Action.c(57): Notify: Transaction "05_ViewItinerary" ended with a "Pass" status (Duration: 1,1134 Wasted Time: 0,1192).
Ending action Action.
Ending iteration 1.
Ending Vuser...
Starting action vuser_end.
Ending action vuser_end.
Vuser Terminated.
