Virtual User Script started at: 07.07.2020 21:50:26
Starting action vuser_init.
Web Turbo Replay of LoadRunner 12.55.0 for Windows 10; build 911 (июл 24 2017 19:46:00)  	[MsgId: MMSG-26983]
Run mode: HTML  	[MsgId: MMSG-26993]
Replay user agent: Mozilla/5.0 (Windows NT 10.0; Win64; x64) AppleWebKit/537.36 (KHTML, like Gecko) Chrome/55.0.2883.87 Safari/537.36  	[MsgId: MMSG-26988]
Run-Time Settings file: "C:\Users\user\Desktop\KursLoadRunner\Скрипты\Task01\\default.cfg"  	[MsgId: MMSG-27141]
Ending action vuser_init.
Running Vuser...
Starting iteration 1.
Maximum number of concurrent connections per server: 6  	[MsgId: MMSG-26989]
Starting action Action.
Action.c(4): web_url("WebTours") started  	[MsgId: MMSG-26355]
Action.c(4): Detected non-resource "http://localhost/WebTours/header.html" in "http://localhost/WebTours/"  	[MsgId: MMSG-26574]
Action.c(4): Detected non-resource "http://localhost/cgi-bin/welcome.pl?signOff=true" in "http://localhost/WebTours/"  	[MsgId: MMSG-26574]
Action.c(4): Found resource "http://localhost/WebTours/images/hp_logo.png" in HTML "http://localhost/WebTours/header.html"  	[MsgId: MMSG-26659]
Action.c(4): Found resource "http://localhost/WebTours/images/webtours.png" in HTML "http://localhost/WebTours/header.html"  	[MsgId: MMSG-26659]
Action.c(4): Detected non-resource "http://localhost/cgi-bin/nav.pl?in=home" in "http://localhost/cgi-bin/welcome.pl?signOff=true"  	[MsgId: MMSG-26574]
Action.c(4): Detected non-resource "http://localhost/WebTours/home.html" in "http://localhost/cgi-bin/welcome.pl?signOff=true"  	[MsgId: MMSG-26574]
Action.c(4): Found resource "http://localhost/WebTours/images/mer_login.gif" in HTML "http://localhost/cgi-bin/nav.pl?in=home"  	[MsgId: MMSG-26659]
Action.c(4): web_url("WebTours") was successful, 10079 body bytes, 2371 header bytes, 24 chunking overhead bytes  	[MsgId: MMSG-26385]
Action.c(15): web_submit_form("login.pl") started  	[MsgId: MMSG-26355]
Action.c(15): Submitting form to "http://localhost/cgi-bin/login.pl", Target Frame="body"  	[MsgId: MMSG-27978]
Action.c(15): Detected non-resource "http://localhost/cgi-bin/nav.pl?page=menu&in=home" in "http://localhost/cgi-bin/login.pl"  	[MsgId: MMSG-26574]
Action.c(15): Detected non-resource "http://localhost/cgi-bin/login.pl?intro=true" in "http://localhost/cgi-bin/login.pl"  	[MsgId: MMSG-26574]
Action.c(15): Found resource "http://localhost/WebTours/images/flights.gif" in HTML "http://localhost/cgi-bin/nav.pl?page=menu&in=home"  	[MsgId: MMSG-26659]
Action.c(15): Found resource "http://localhost/WebTours/images/itinerary.gif" in HTML "http://localhost/cgi-bin/nav.pl?page=menu&in=home"  	[MsgId: MMSG-26659]
Action.c(15): Found resource "http://localhost/WebTours/images/in_home.gif" in HTML "http://localhost/cgi-bin/nav.pl?page=menu&in=home"  	[MsgId: MMSG-26659]
Action.c(15): Found resource "http://localhost/WebTours/images/signoff.gif" in HTML "http://localhost/cgi-bin/nav.pl?page=menu&in=home"  	[MsgId: MMSG-26659]
Action.c(15): web_submit_form("login.pl") was successful, 5779 body bytes, 2031 header bytes, 36 chunking overhead bytes  	[MsgId: MMSG-26385]
Action.c(24): web_image("Search Flights Button") started  	[MsgId: MMSG-26355]
Action.c(24): Image-linking to "http://localhost/cgi-bin/welcome.pl?page=search", Target Frame="body"  	[MsgId: MMSG-27993]
Action.c(24): Detected non-resource "http://localhost/cgi-bin/nav.pl?page=menu&in=flights" in "http://localhost/cgi-bin/welcome.pl?page=search"  	[MsgId: MMSG-26574]
Action.c(24): Detected non-resource "http://localhost/cgi-bin/reservations.pl?page=welcome" in "http://localhost/cgi-bin/welcome.pl?page=search"  	[MsgId: MMSG-26574]
Action.c(24): Found resource "http://localhost/WebTours/images/in_flights.gif" in HTML "http://localhost/cgi-bin/nav.pl?page=menu&in=flights"  	[MsgId: MMSG-26659]
Action.c(24): Resource "http://localhost/WebTours/images/itinerary.gif" is in the cache already and will not be downloaded again  	[MsgId: MMSG-26655]
Action.c(24): Found resource "http://localhost/WebTours/images/home.gif" in HTML "http://localhost/cgi-bin/nav.pl?page=menu&in=flights"  	[MsgId: MMSG-26659]
Action.c(24): Resource "http://localhost/WebTours/images/signoff.gif" is in the cache already and will not be downloaded again  	[MsgId: MMSG-26655]
Action.c(24): Found resource "http://localhost/WebTours/images/button_next.gif" in HTML "http://localhost/cgi-bin/reservations.pl?page=welcome"  	[MsgId: MMSG-26659]
Action.c(24): web_image("Search Flights Button") was successful, 8516 body bytes, 1616 header bytes, 43 chunking overhead bytes  	[MsgId: MMSG-26385]
Action.c(29): web_submit_form("reservations.pl") started  	[MsgId: MMSG-26355]
Action.c(29): Submitting form to "http://localhost/cgi-bin/reservations.pl", Target Frame=""  	[MsgId: MMSG-27978]
Action.c(29): Resource "http://localhost/WebTours/images/button_next.gif" is in the cache already and will not be downloaded again  	[MsgId: MMSG-26655]
Action.c(29): web_submit_form("reservations.pl") was successful, 2434 body bytes, 255 header bytes, 12 chunking overhead bytes  	[MsgId: MMSG-26385]
Action.c(44): web_submit_form("reservations.pl_2") started  	[MsgId: MMSG-26355]
Action.c(44): Submitting form to "http://localhost/cgi-bin/reservations.pl", Target Frame=""  	[MsgId: MMSG-27978]
Action.c(44): Resource "http://localhost/WebTours/images/button_next.gif" is in the cache already and will not be downloaded again  	[MsgId: MMSG-26655]
Action.c(44): web_submit_form("reservations.pl_2") was successful, 2698 body bytes, 255 header bytes, 12 chunking overhead bytes  	[MsgId: MMSG-26385]
Action.c(52): web_submit_form("reservations.pl_3") started  	[MsgId: MMSG-26355]
Action.c(52): Submitting form to "http://localhost/cgi-bin/reservations.pl", Target Frame=""  	[MsgId: MMSG-27978]
Action.c(52): Found resource "http://localhost/WebTours/images/bookanother.gif" in HTML "http://localhost/cgi-bin/reservations.pl"  	[MsgId: MMSG-26659]
Action.c(52): web_submit_form("reservations.pl_3") was successful, 3265 body bytes, 658 header bytes, 12 chunking overhead bytes  	[MsgId: MMSG-26385]
Action.c(67): web_image("SignOff Button") started  	[MsgId: MMSG-26355]
Action.c(67): Image-linking to "http://localhost/cgi-bin/welcome.pl?signOff=1", Target Frame="body"  	[MsgId: MMSG-27993]
Action.c(67): Detected non-resource "http://localhost/cgi-bin/nav.pl?in=home" in "http://localhost/cgi-bin/welcome.pl?signOff=1"  	[MsgId: MMSG-26574]
Action.c(67): Detected non-resource "http://localhost/WebTours/home.html" in "http://localhost/cgi-bin/welcome.pl?signOff=1"  	[MsgId: MMSG-26574]
Action.c(67): Retrieving data from cache for "http://localhost/WebTours/home.html"  	[MsgId: MMSG-26558]
Action.c(67): Resource "http://localhost/WebTours/images/mer_login.gif" is in the cache already and will not be downloaded again  	[MsgId: MMSG-26655]
Action.c(67): web_image("SignOff Button") was successful, 2175 body bytes, 582 header bytes, 24 chunking overhead bytes  	[MsgId: MMSG-26385]
Ending action Action.
Ending iteration 1.
Ending Vuser...
Starting action vuser_end.
Ending action vuser_end.
Vuser Terminated.
