c:\users\user\documents\github\kursloadrunner\скрипты\01_userregistration\\pre_cci.c: Action.c:21: error: undeclared identifier `Users'
c:\users\user\documents\github\kursloadrunner\скрипты\01_userregistration\\pre_cci.c: Action.c:21: error: type error: pointer expected
c:\users\user\documents\github\kursloadrunner\скрипты\01_userregistration\\pre_cci.c: Action.c:21: error: type error: pointer expected
c:\users\user\documents\github\kursloadrunner\скрипты\01_userregistration\\pre_cci.c: Action.c:21: warning: expression with no effect elided
c:\users\user\documents\github\kursloadrunner\скрипты\01_userregistration\\pre_cci.c: Action.c:23: error: syntax error; found `int' expecting `;'
c:\users\user\documents\github\kursloadrunner\скрипты\01_userregistration\\pre_cci.c: Action.c:23: error: syntax error; found `int' expecting `;'
c:\users\user\documents\github\kursloadrunner\скрипты\01_userregistration\\pre_cci.c: Action.c:23: error: syntax error; found `int' expecting `)'
c:\users\user\documents\github\kursloadrunner\скрипты\01_userregistration\\pre_cci.c: Action.c:23: error: skipping `int'
c:\users\user\documents\github\kursloadrunner\скрипты\01_userregistration\\pre_cci.c: Action.c:23: error: undeclared identifier `i'
c:\users\user\documents\github\kursloadrunner\скрипты\01_userregistration\\pre_cci.c: Action.c:23: warning: expression with no effect elided
c:\users\user\documents\github\kursloadrunner\скрипты\01_userregistration\\pre_cci.c: Action.c:23: warning: unreachable code
c:\users\user\documents\github\kursloadrunner\скрипты\01_userregistration\\pre_cci.c: Action.c:23: error: syntax error; found `)' expecting `;'
c:\users\user\documents\github\kursloadrunner\скрипты\01_userregistration\\pre_cci.c: Action.c:23: error: illegal statement termination
c:\users\user\documents\github\kursloadrunner\скрипты\01_userregistration\\pre_cci.c: Action.c:23: error: skipping `)'
c:\users\user\documents\github\kursloadrunner\скрипты\01_userregistration\\pre_cci.c: Action.c:24: error: syntax error; found `int' expecting `;'
c:\users\user\documents\github\kursloadrunner\скрипты\01_userregistration\\pre_cci.c: Action.c:24: error: syntax error; found `int' expecting `;'
c:\users\user\documents\github\kursloadrunner\скрипты\01_userregistration\\pre_cci.c: Action.c:24: error: syntax error; found `int' expecting `)'
c:\users\user\documents\github\kursloadrunner\скрипты\01_userregistration\\pre_cci.c: Action.c:24: error: skipping `int'
c:\users\user\documents\github\kursloadrunner\скрипты\01_userregistration\\pre_cci.c: Action.c:24: error: undeclared identifier `j'
c:\users\user\documents\github\kursloadrunner\скрипты\01_userregistration\\pre_cci.c: Action.c:24: warning: expression with no effect elided
c:\users\user\documents\github\kursloadrunner\скрипты\01_userregistration\\pre_cci.c: Action.c:24: warning: unreachable code
c:\users\user\documents\github\kursloadrunner\скрипты\01_userregistration\\pre_cci.c: Action.c:24: error: syntax error; found `)' expecting `;'
c:\users\user\documents\github\kursloadrunner\скрипты\01_userregistration\\pre_cci.c: Action.c:24: error: illegal statement termination
c:\users\user\documents\github\kursloadrunner\скрипты\01_userregistration\\pre_cci.c: Action.c:24: error: skipping `)'
c:\users\user\documents\github\kursloadrunner\скрипты\01_userregistration\\pre_cci.c: Action.c:25: error: type error: pointer expected
c:\users\user\documents\github\kursloadrunner\скрипты\01_userregistration\\pre_cci.c: Action.c:25: error: too many errors
