Warning: Failed to post to 'http://127.0.0.1:8182/shunra/api/emulation/packetCaptureOnly', retcode=56.
Warning: Failed to start NV emulation. Perhaps the NV server is not working, and therefore a NV report will not be generated.
Virtual User Script started at: 05.09.2020 19:05:48
Starting action vuser_init.
Web Turbo Replay of LoadRunner 2020.2.0 for Windows 10; build 387 (июн 17 2020 19:24:04)  	[MsgId: MMSG-26983]
Run mode: HTML  	[MsgId: MMSG-26993]
Replay user agent: Mozilla/5.0 (Windows NT 10.0; WOW64; Trident/7.0; rv:11.0) like Gecko  	[MsgId: MMSG-26988]
Runtime Settings file: "C:\Users\user\Desktop\KursLoadRunner\KursLoadRunner\Скрипты\01_UserRegistration\\default.cfg"  	[MsgId: MMSG-27141]
Warning: Failed to get NV emulation handle.
Ending action vuser_init.
Running Vuser...
Starting iteration 1.
Maximum number of concurrent connections per server: 6  	[MsgId: MMSG-26989]
Starting action Action.
Warning: Failed to get NV emulation handle.
Action.c(3): Notify: Transaction "UserRegestration" started.
Action.c(3): Warning: Failed to get NV emulation handle.
Action.c(6): Notify: Transaction "WebTours" started.
Action.c(6): Warning: Failed to get NV emulation handle.
Action.c(8): web_url("WebTours") started  	[MsgId: MMSG-26355]
Action.c(8): Detected non-resource "http://localhost/WebTours/header.html" in "http://localhost/WebTours/"  	[MsgId: MMSG-26574]
Action.c(8): Detected non-resource "http://localhost/cgi-bin/welcome.pl?signOff=true" in "http://localhost/WebTours/"  	[MsgId: MMSG-26574]
Action.c(8): Found resource "http://localhost/WebTours/images/hp_logo.png" in HTML "http://localhost/WebTours/header.html"  	[MsgId: MMSG-26659]
Action.c(8): Found resource "http://localhost/WebTours/images/webtours.png" in HTML "http://localhost/WebTours/header.html"  	[MsgId: MMSG-26659]
Action.c(8): Detected non-resource "http://localhost/cgi-bin/nav.pl?in=home" in "http://localhost/cgi-bin/welcome.pl?signOff=true"  	[MsgId: MMSG-26574]
Action.c(8): Detected non-resource "http://localhost/WebTours/home.html" in "http://localhost/cgi-bin/welcome.pl?signOff=true"  	[MsgId: MMSG-26574]
Action.c(8): Found resource "http://localhost/WebTours/images/mer_login.gif" in HTML "http://localhost/cgi-bin/nav.pl?in=home"  	[MsgId: MMSG-26659]
Action.c(8): web_url("WebTours") was successful, 10072 body bytes, 2371 header bytes, 24 chunking overhead bytes  	[MsgId: MMSG-26385]
Action.c(16): Notify: Transaction "WebTours" ended with a "Pass" status (Duration: 0,2196 Wasted Time: 0,0997).
Action.c(20): Notify: Transaction "GoToSingUp" started.
Action.c(20): Warning: Failed to get NV emulation handle.
Action.c(22): web_link("sign up now") started  	[MsgId: MMSG-26355]
Action.c(22): Linking to "http://localhost/cgi-bin/login.pl?username=&password=&getInfo=true", Target Frame=""  	[MsgId: MMSG-27994]
Action.c(22): Found resource "http://localhost/WebTours/profileValidate.js" in HTML "http://localhost/cgi-bin/login.pl?username=&password=&getInfo=true"  	[MsgId: MMSG-26659]
Action.c(22): Found resource "http://localhost/WebTours/images/button_next.gif" in HTML "http://localhost/cgi-bin/login.pl?username=&password=&getInfo=true"  	[MsgId: MMSG-26659]
Action.c(22): web_link("sign up now") was successful, 14475 body bytes, 838 header bytes, 12 chunking overhead bytes  	[MsgId: MMSG-26385]
Action.c(26): Notify: Transaction "GoToSingUp" ended with a "Pass" status (Duration: 0,0939 Wasted Time: 0,0053).
Action.c(30): Notify: Transaction "InputData" started.
Action.c(30): Warning: Failed to get NV emulation handle.
Action.c(32): web_submit_form("login.pl") started  	[MsgId: MMSG-26355]
Action.c(32): Submitting form to "http://localhost/cgi-bin/login.pl", Target Frame="info"  	[MsgId: MMSG-27978]
Action.c(32): Resource "http://localhost/WebTours/profileValidate.js" is in the cache already and will not be downloaded again  	[MsgId: MMSG-26655]
Action.c(32): Resource "http://localhost/WebTours/images/button_next.gif" is in the cache already and will not be downloaded again  	[MsgId: MMSG-26655]
Action.c(32): web_submit_form("login.pl") was successful, 2665 body bytes, 228 header bytes, 12 chunking overhead bytes  	[MsgId: MMSG-26385]
Action.c(46): Notify: Transaction "InputData" ended with a "Pass" status (Duration: 0,0758 Wasted Time: 0,0044).
Action.c(49): Notify: Transaction "UserRegestration" ended with a "Pass" status (Duration: 0,4835 Wasted Time: 0,1094).
Ending action Action.
Ending iteration 1.
Ending Vuser...
Starting action vuser_end.
Warning: Failed to get NV emulation handle.
Ending action vuser_end.
Vuser Terminated.
